[03-May-2021 05:38:26 UTC] PHP Notice:  Undefined variable: myname in /home/iskra/Local Sites/fictional-university/app/public/experiment.php on line 7
[03-May-2021 05:38:26 UTC] PHP Stack trace:
[03-May-2021 05:38:26 UTC] PHP   1. {main}() /home/iskra/Local Sites/fictional-university/app/public/experiment.php:0
[03-May-2021 05:38:26 UTC] PHP Notice:  Undefined variable: myname in /home/iskra/Local Sites/fictional-university/app/public/experiment.php on line 9
[03-May-2021 05:38:26 UTC] PHP Stack trace:
[03-May-2021 05:38:26 UTC] PHP   1. {main}() /home/iskra/Local Sites/fictional-university/app/public/experiment.php:0
[09-May-2021 22:45:04 UTC] PHP Warning:  An unexpected error occurred. Something may be wrong with WordPress.org or this server&#8217;s configuration. If you continue to have problems, please try the <a href="https://wordpress.org/support/forums/">support forums</a>. (WordPress could not establish a secure connection to WordPress.org. Please contact your server administrator.) in /home/iskra/Local Sites/fictional-university/app/public/wp-includes/update.php on line 175
[09-May-2021 22:45:04 UTC] PHP Stack trace:
[09-May-2021 22:45:04 UTC] PHP   1. {main}() /home/iskra/Local Sites/fictional-university/app/public/wp-cron.php:0
[09-May-2021 22:45:04 UTC] PHP   2. do_action_ref_array() /home/iskra/Local Sites/fictional-university/app/public/wp-cron.php:138
[09-May-2021 22:45:04 UTC] PHP   3. WP_Hook->do_action() /home/iskra/Local Sites/fictional-university/app/public/wp-includes/plugin.php:551
[09-May-2021 22:45:04 UTC] PHP   4. WP_Hook->apply_filters() /home/iskra/Local Sites/fictional-university/app/public/wp-includes/class-wp-hook.php:316
[09-May-2021 22:45:04 UTC] PHP   5. wp_version_check() /home/iskra/Local Sites/fictional-university/app/public/wp-includes/class-wp-hook.php:292
[09-May-2021 22:45:04 UTC] PHP   6. trigger_error() /home/iskra/Local Sites/fictional-university/app/public/wp-includes/update.php:175
[09-May-2021 22:45:04 UTC] PHP Warning:  An unexpected error occurred. Something may be wrong with WordPress.org or this server&#8217;s configuration. If you continue to have problems, please try the <a href="https://wordpress.org/support/forums/">support forums</a>. (WordPress could not establish a secure connection to WordPress.org. Please contact your server administrator.) in /home/iskra/Local Sites/fictional-university/app/public/wp-includes/update.php on line 410
[09-May-2021 22:45:04 UTC] PHP Stack trace:
[09-May-2021 22:45:04 UTC] PHP   1. {main}() /home/iskra/Local Sites/fictional-university/app/public/wp-cron.php:0
[09-May-2021 22:45:04 UTC] PHP   2. do_action_ref_array() /home/iskra/Local Sites/fictional-university/app/public/wp-cron.php:138
[09-May-2021 22:45:04 UTC] PHP   3. WP_Hook->do_action() /home/iskra/Local Sites/fictional-university/app/public/wp-includes/plugin.php:551
[09-May-2021 22:45:04 UTC] PHP   4. WP_Hook->apply_filters() /home/iskra/Local Sites/fictional-university/app/public/wp-includes/class-wp-hook.php:316
[09-May-2021 22:45:04 UTC] PHP   5. wp_update_plugins() /home/iskra/Local Sites/fictional-university/app/public/wp-includes/class-wp-hook.php:292
[09-May-2021 22:45:04 UTC] PHP   6. trigger_error() /home/iskra/Local Sites/fictional-university/app/public/wp-includes/update.php:410
[09-May-2021 22:45:04 UTC] PHP Warning:  An unexpected error occurred. Something may be wrong with WordPress.org or this server&#8217;s configuration. If you continue to have problems, please try the <a href="https://wordpress.org/support/forums/">support forums</a>. (WordPress could not establish a secure connection to WordPress.org. Please contact your server administrator.) in /home/iskra/Local Sites/fictional-university/app/public/wp-includes/update.php on line 614
[09-May-2021 22:45:04 UTC] PHP Stack trace:
[09-May-2021 22:45:04 UTC] PHP   1. {main}() /home/iskra/Local Sites/fictional-university/app/public/wp-cron.php:0
[09-May-2021 22:45:04 UTC] PHP   2. do_action_ref_array() /home/iskra/Local Sites/fictional-university/app/public/wp-cron.php:138
[09-May-2021 22:45:04 UTC] PHP   3. WP_Hook->do_action() /home/iskra/Local Sites/fictional-university/app/public/wp-includes/plugin.php:551
[09-May-2021 22:45:04 UTC] PHP   4. WP_Hook->apply_filters() /home/iskra/Local Sites/fictional-university/app/public/wp-includes/class-wp-hook.php:316
[09-May-2021 22:45:04 UTC] PHP   5. wp_update_themes() /home/iskra/Local Sites/fictional-university/app/public/wp-includes/class-wp-hook.php:292
[09-May-2021 22:45:04 UTC] PHP   6. trigger_error() /home/iskra/Local Sites/fictional-university/app/public/wp-includes/update.php:614
[23-May-2021 23:39:49 UTC] PHP Parse error:  syntax error, unexpected ''orderby'' (T_CONSTANT_ENCAPSED_STRING), expecting ')' in /home/iskra/Local Sites/fictional-university/app/public/wp-content/themes/uni-theme/front-page.php on line 23
[24-May-2021 02:05:25 UTC] PHP Parse error:  syntax error, unexpected '}' in /home/iskra/Local Sites/fictional-university/app/public/wp-content/themes/uni-theme/functions.php on line 41
[24-May-2021 02:07:26 UTC] PHP Parse error:  syntax error, unexpected '}' in /home/iskra/Local Sites/fictional-university/app/public/wp-content/themes/uni-theme/functions.php on line 41
[24-May-2021 02:09:26 UTC] PHP Parse error:  syntax error, unexpected '}' in /home/iskra/Local Sites/fictional-university/app/public/wp-content/themes/uni-theme/functions.php on line 41
[24-May-2021 02:11:26 UTC] PHP Parse error:  syntax error, unexpected '}' in /home/iskra/Local Sites/fictional-university/app/public/wp-content/themes/uni-theme/functions.php on line 41
[24-May-2021 02:13:27 UTC] PHP Parse error:  syntax error, unexpected '}' in /home/iskra/Local Sites/fictional-university/app/public/wp-content/themes/uni-theme/functions.php on line 41
[24-May-2021 02:15:27 UTC] PHP Parse error:  syntax error, unexpected '}' in /home/iskra/Local Sites/fictional-university/app/public/wp-content/themes/uni-theme/functions.php on line 41
[24-May-2021 02:17:28 UTC] PHP Parse error:  syntax error, unexpected '}' in /home/iskra/Local Sites/fictional-university/app/public/wp-content/themes/uni-theme/functions.php on line 41
[24-May-2021 02:19:29 UTC] PHP Parse error:  syntax error, unexpected '}' in /home/iskra/Local Sites/fictional-university/app/public/wp-content/themes/uni-theme/functions.php on line 41
[24-May-2021 02:21:29 UTC] PHP Parse error:  syntax error, unexpected '}' in /home/iskra/Local Sites/fictional-university/app/public/wp-content/themes/uni-theme/functions.php on line 41
[24-May-2021 02:23:29 UTC] PHP Parse error:  syntax error, unexpected '}' in /home/iskra/Local Sites/fictional-university/app/public/wp-content/themes/uni-theme/functions.php on line 41
[24-May-2021 02:25:30 UTC] PHP Parse error:  syntax error, unexpected '}' in /home/iskra/Local Sites/fictional-university/app/public/wp-content/themes/uni-theme/functions.php on line 41
[24-May-2021 02:27:31 UTC] PHP Parse error:  syntax error, unexpected '}' in /home/iskra/Local Sites/fictional-university/app/public/wp-content/themes/uni-theme/functions.php on line 41
[24-May-2021 02:29:32 UTC] PHP Parse error:  syntax error, unexpected '}' in /home/iskra/Local Sites/fictional-university/app/public/wp-content/themes/uni-theme/functions.php on line 41
[24-May-2021 02:31:33 UTC] PHP Parse error:  syntax error, unexpected '}' in /home/iskra/Local Sites/fictional-university/app/public/wp-content/themes/uni-theme/functions.php on line 41
[24-May-2021 02:33:34 UTC] PHP Parse error:  syntax error, unexpected '}' in /home/iskra/Local Sites/fictional-university/app/public/wp-content/themes/uni-theme/functions.php on line 41
[24-May-2021 02:35:35 UTC] PHP Parse error:  syntax error, unexpected '}' in /home/iskra/Local Sites/fictional-university/app/public/wp-content/themes/uni-theme/functions.php on line 41
[24-May-2021 02:37:36 UTC] PHP Parse error:  syntax error, unexpected '}' in /home/iskra/Local Sites/fictional-university/app/public/wp-content/themes/uni-theme/functions.php on line 41
[24-May-2021 02:39:36 UTC] PHP Parse error:  syntax error, unexpected '}' in /home/iskra/Local Sites/fictional-university/app/public/wp-content/themes/uni-theme/functions.php on line 41
[24-May-2021 02:41:37 UTC] PHP Parse error:  syntax error, unexpected '}' in /home/iskra/Local Sites/fictional-university/app/public/wp-content/themes/uni-theme/functions.php on line 41
[24-May-2021 02:43:37 UTC] PHP Parse error:  syntax error, unexpected '}' in /home/iskra/Local Sites/fictional-university/app/public/wp-content/themes/uni-theme/functions.php on line 41
[24-May-2021 02:45:37 UTC] PHP Parse error:  syntax error, unexpected '}' in /home/iskra/Local Sites/fictional-university/app/public/wp-content/themes/uni-theme/functions.php on line 41
[24-May-2021 02:47:37 UTC] PHP Parse error:  syntax error, unexpected '}' in /home/iskra/Local Sites/fictional-university/app/public/wp-content/themes/uni-theme/functions.php on line 41
[24-May-2021 02:49:38 UTC] PHP Parse error:  syntax error, unexpected '}' in /home/iskra/Local Sites/fictional-university/app/public/wp-content/themes/uni-theme/functions.php on line 41
[24-May-2021 02:51:39 UTC] PHP Parse error:  syntax error, unexpected '}' in /home/iskra/Local Sites/fictional-university/app/public/wp-content/themes/uni-theme/functions.php on line 41
[24-May-2021 02:53:39 UTC] PHP Parse error:  syntax error, unexpected '}' in /home/iskra/Local Sites/fictional-university/app/public/wp-content/themes/uni-theme/functions.php on line 41
[24-May-2021 02:55:39 UTC] PHP Parse error:  syntax error, unexpected '}' in /home/iskra/Local Sites/fictional-university/app/public/wp-content/themes/uni-theme/functions.php on line 41
[24-May-2021 02:57:39 UTC] PHP Parse error:  syntax error, unexpected '}' in /home/iskra/Local Sites/fictional-university/app/public/wp-content/themes/uni-theme/functions.php on line 41
[24-May-2021 02:59:39 UTC] PHP Parse error:  syntax error, unexpected '}' in /home/iskra/Local Sites/fictional-university/app/public/wp-content/themes/uni-theme/functions.php on line 41
[24-May-2021 03:01:40 UTC] PHP Parse error:  syntax error, unexpected '}' in /home/iskra/Local Sites/fictional-university/app/public/wp-content/themes/uni-theme/functions.php on line 41
[24-May-2021 03:03:41 UTC] PHP Parse error:  syntax error, unexpected '}' in /home/iskra/Local Sites/fictional-university/app/public/wp-content/themes/uni-theme/functions.php on line 41
[24-May-2021 03:05:41 UTC] PHP Parse error:  syntax error, unexpected '}' in /home/iskra/Local Sites/fictional-university/app/public/wp-content/themes/uni-theme/functions.php on line 41
[24-May-2021 03:07:41 UTC] PHP Parse error:  syntax error, unexpected '}' in /home/iskra/Local Sites/fictional-university/app/public/wp-content/themes/uni-theme/functions.php on line 41
[24-May-2021 03:09:42 UTC] PHP Parse error:  syntax error, unexpected '}' in /home/iskra/Local Sites/fictional-university/app/public/wp-content/themes/uni-theme/functions.php on line 41
[24-May-2021 03:11:42 UTC] PHP Parse error:  syntax error, unexpected '}' in /home/iskra/Local Sites/fictional-university/app/public/wp-content/themes/uni-theme/functions.php on line 41
[24-May-2021 03:13:43 UTC] PHP Parse error:  syntax error, unexpected '}' in /home/iskra/Local Sites/fictional-university/app/public/wp-content/themes/uni-theme/functions.php on line 41
[24-May-2021 03:15:44 UTC] PHP Parse error:  syntax error, unexpected '}' in /home/iskra/Local Sites/fictional-university/app/public/wp-content/themes/uni-theme/functions.php on line 41
[24-May-2021 03:17:45 UTC] PHP Parse error:  syntax error, unexpected '}' in /home/iskra/Local Sites/fictional-university/app/public/wp-content/themes/uni-theme/functions.php on line 41
[24-May-2021 03:19:46 UTC] PHP Parse error:  syntax error, unexpected '}' in /home/iskra/Local Sites/fictional-university/app/public/wp-content/themes/uni-theme/functions.php on line 41
[24-May-2021 03:21:46 UTC] PHP Parse error:  syntax error, unexpected '}' in /home/iskra/Local Sites/fictional-university/app/public/wp-content/themes/uni-theme/functions.php on line 41
[24-May-2021 03:23:47 UTC] PHP Parse error:  syntax error, unexpected '}' in /home/iskra/Local Sites/fictional-university/app/public/wp-content/themes/uni-theme/functions.php on line 41
[24-May-2021 03:25:47 UTC] PHP Parse error:  syntax error, unexpected '}' in /home/iskra/Local Sites/fictional-university/app/public/wp-content/themes/uni-theme/functions.php on line 41
[24-May-2021 03:27:48 UTC] PHP Parse error:  syntax error, unexpected '}' in /home/iskra/Local Sites/fictional-university/app/public/wp-content/themes/uni-theme/functions.php on line 41
[24-May-2021 03:29:49 UTC] PHP Parse error:  syntax error, unexpected '}' in /home/iskra/Local Sites/fictional-university/app/public/wp-content/themes/uni-theme/functions.php on line 41
[24-May-2021 03:31:50 UTC] PHP Parse error:  syntax error, unexpected '}' in /home/iskra/Local Sites/fictional-university/app/public/wp-content/themes/uni-theme/functions.php on line 41
[24-May-2021 03:33:50 UTC] PHP Parse error:  syntax error, unexpected '}' in /home/iskra/Local Sites/fictional-university/app/public/wp-content/themes/uni-theme/functions.php on line 41
[24-May-2021 03:35:51 UTC] PHP Parse error:  syntax error, unexpected '}' in /home/iskra/Local Sites/fictional-university/app/public/wp-content/themes/uni-theme/functions.php on line 41
[24-May-2021 03:37:52 UTC] PHP Parse error:  syntax error, unexpected '}' in /home/iskra/Local Sites/fictional-university/app/public/wp-content/themes/uni-theme/functions.php on line 41
[24-May-2021 03:39:53 UTC] PHP Parse error:  syntax error, unexpected '}' in /home/iskra/Local Sites/fictional-university/app/public/wp-content/themes/uni-theme/functions.php on line 41
[24-May-2021 03:41:54 UTC] PHP Parse error:  syntax error, unexpected '}' in /home/iskra/Local Sites/fictional-university/app/public/wp-content/themes/uni-theme/functions.php on line 41
[24-May-2021 03:43:54 UTC] PHP Parse error:  syntax error, unexpected '}' in /home/iskra/Local Sites/fictional-university/app/public/wp-content/themes/uni-theme/functions.php on line 41
[24-May-2021 03:45:55 UTC] PHP Parse error:  syntax error, unexpected '}' in /home/iskra/Local Sites/fictional-university/app/public/wp-content/themes/uni-theme/functions.php on line 41
[24-May-2021 03:47:56 UTC] PHP Parse error:  syntax error, unexpected '}' in /home/iskra/Local Sites/fictional-university/app/public/wp-content/themes/uni-theme/functions.php on line 41
[24-May-2021 03:49:57 UTC] PHP Parse error:  syntax error, unexpected '}' in /home/iskra/Local Sites/fictional-university/app/public/wp-content/themes/uni-theme/functions.php on line 41
[24-May-2021 03:51:57 UTC] PHP Parse error:  syntax error, unexpected '}' in /home/iskra/Local Sites/fictional-university/app/public/wp-content/themes/uni-theme/functions.php on line 41
[24-May-2021 03:53:57 UTC] PHP Parse error:  syntax error, unexpected '}' in /home/iskra/Local Sites/fictional-university/app/public/wp-content/themes/uni-theme/functions.php on line 41
[24-May-2021 03:55:57 UTC] PHP Parse error:  syntax error, unexpected '}' in /home/iskra/Local Sites/fictional-university/app/public/wp-content/themes/uni-theme/functions.php on line 41
[24-May-2021 03:57:57 UTC] PHP Parse error:  syntax error, unexpected '}' in /home/iskra/Local Sites/fictional-university/app/public/wp-content/themes/uni-theme/functions.php on line 41
[24-May-2021 03:59:58 UTC] PHP Parse error:  syntax error, unexpected '}' in /home/iskra/Local Sites/fictional-university/app/public/wp-content/themes/uni-theme/functions.php on line 41
[24-May-2021 04:01:59 UTC] PHP Parse error:  syntax error, unexpected '}' in /home/iskra/Local Sites/fictional-university/app/public/wp-content/themes/uni-theme/functions.php on line 41
[24-May-2021 04:04:00 UTC] PHP Parse error:  syntax error, unexpected '}' in /home/iskra/Local Sites/fictional-university/app/public/wp-content/themes/uni-theme/functions.php on line 41
[24-May-2021 04:06:01 UTC] PHP Parse error:  syntax error, unexpected '}' in /home/iskra/Local Sites/fictional-university/app/public/wp-content/themes/uni-theme/functions.php on line 41
[24-May-2021 04:08:02 UTC] PHP Parse error:  syntax error, unexpected '}' in /home/iskra/Local Sites/fictional-university/app/public/wp-content/themes/uni-theme/functions.php on line 41
[24-May-2021 04:10:02 UTC] PHP Parse error:  syntax error, unexpected '}' in /home/iskra/Local Sites/fictional-university/app/public/wp-content/themes/uni-theme/functions.php on line 41
[24-May-2021 04:12:03 UTC] PHP Parse error:  syntax error, unexpected '}' in /home/iskra/Local Sites/fictional-university/app/public/wp-content/themes/uni-theme/functions.php on line 41
[24-May-2021 04:14:03 UTC] PHP Parse error:  syntax error, unexpected '}' in /home/iskra/Local Sites/fictional-university/app/public/wp-content/themes/uni-theme/functions.php on line 41
[24-May-2021 04:16:04 UTC] PHP Parse error:  syntax error, unexpected '}' in /home/iskra/Local Sites/fictional-university/app/public/wp-content/themes/uni-theme/functions.php on line 41
[24-May-2021 04:18:04 UTC] PHP Parse error:  syntax error, unexpected '}' in /home/iskra/Local Sites/fictional-university/app/public/wp-content/themes/uni-theme/functions.php on line 41
[24-May-2021 04:20:05 UTC] PHP Parse error:  syntax error, unexpected '}' in /home/iskra/Local Sites/fictional-university/app/public/wp-content/themes/uni-theme/functions.php on line 41
[24-May-2021 04:22:06 UTC] PHP Parse error:  syntax error, unexpected '}' in /home/iskra/Local Sites/fictional-university/app/public/wp-content/themes/uni-theme/functions.php on line 41
[24-May-2021 04:24:07 UTC] PHP Parse error:  syntax error, unexpected '}' in /home/iskra/Local Sites/fictional-university/app/public/wp-content/themes/uni-theme/functions.php on line 41
[24-May-2021 04:26:08 UTC] PHP Parse error:  syntax error, unexpected '}' in /home/iskra/Local Sites/fictional-university/app/public/wp-content/themes/uni-theme/functions.php on line 41
[24-May-2021 04:28:09 UTC] PHP Parse error:  syntax error, unexpected '}' in /home/iskra/Local Sites/fictional-university/app/public/wp-content/themes/uni-theme/functions.php on line 41
[24-May-2021 04:30:10 UTC] PHP Parse error:  syntax error, unexpected '}' in /home/iskra/Local Sites/fictional-university/app/public/wp-content/themes/uni-theme/functions.php on line 41
[24-May-2021 04:32:11 UTC] PHP Parse error:  syntax error, unexpected '}' in /home/iskra/Local Sites/fictional-university/app/public/wp-content/themes/uni-theme/functions.php on line 41
[24-May-2021 04:34:11 UTC] PHP Parse error:  syntax error, unexpected '}' in /home/iskra/Local Sites/fictional-university/app/public/wp-content/themes/uni-theme/functions.php on line 41
[24-May-2021 04:34:46 UTC] PHP Parse error:  syntax error, unexpected '}' in /home/iskra/Local Sites/fictional-university/app/public/wp-content/themes/uni-theme/functions.php on line 41
[24-May-2021 04:34:46 UTC] PHP Parse error:  syntax error, unexpected '}' in /home/iskra/Local Sites/fictional-university/app/public/wp-content/themes/uni-theme/functions.php on line 41
[24-May-2021 04:36:11 UTC] PHP Parse error:  syntax error, unexpected '}' in /home/iskra/Local Sites/fictional-university/app/public/wp-content/themes/uni-theme/functions.php on line 41
[24-May-2021 05:51:02 UTC] PHP Parse error:  syntax error, unexpected 'echo' (T_ECHO), expecting ',' or ';' in /home/iskra/Local Sites/fictional-university/app/public/wp-content/themes/uni-theme/single-event.php on line 27
