[02-May-2021 21:45:08] NOTICE: fpm is running, pid 5756
[02-May-2021 21:45:08] NOTICE: ready to handle connections
[02-May-2021 22:46:49] NOTICE: Terminating ...
[02-May-2021 22:46:49] NOTICE: exiting, bye-bye!
[03-May-2021 22:19:22] NOTICE: fpm is running, pid 7077
[03-May-2021 22:19:22] NOTICE: ready to handle connections
[04-May-2021 09:43:56] NOTICE: fpm is running, pid 8434
[04-May-2021 09:43:56] NOTICE: ready to handle connections
[07-May-2021 17:54:20] ERROR: Another FPM instance seems to already listen on /home/iskra/.config/Local/run/qIrM7Gvw1/php/php-fpm.socket
[07-May-2021 17:54:20] ERROR: FPM initialization failed
[07-May-2021 17:54:21] ERROR: Another FPM instance seems to already listen on /home/iskra/.config/Local/run/qIrM7Gvw1/php/php-fpm.socket
[07-May-2021 17:54:21] ERROR: FPM initialization failed
[07-May-2021 17:54:21] ERROR: Another FPM instance seems to already listen on /home/iskra/.config/Local/run/qIrM7Gvw1/php/php-fpm.socket
[07-May-2021 17:54:21] ERROR: FPM initialization failed
[07-May-2021 17:54:22] ERROR: Another FPM instance seems to already listen on /home/iskra/.config/Local/run/qIrM7Gvw1/php/php-fpm.socket
[07-May-2021 17:54:22] ERROR: FPM initialization failed
[07-May-2021 21:02:55] ERROR: Another FPM instance seems to already listen on /home/iskra/.config/Local/run/qIrM7Gvw1/php/php-fpm.socket
[07-May-2021 21:02:55] ERROR: FPM initialization failed
[07-May-2021 21:02:56] ERROR: Another FPM instance seems to already listen on /home/iskra/.config/Local/run/qIrM7Gvw1/php/php-fpm.socket
[07-May-2021 21:02:56] ERROR: FPM initialization failed
[07-May-2021 21:02:56] ERROR: Another FPM instance seems to already listen on /home/iskra/.config/Local/run/qIrM7Gvw1/php/php-fpm.socket
[07-May-2021 21:02:56] ERROR: FPM initialization failed
[07-May-2021 21:02:57] ERROR: Another FPM instance seems to already listen on /home/iskra/.config/Local/run/qIrM7Gvw1/php/php-fpm.socket
[07-May-2021 21:02:57] ERROR: FPM initialization failed
[08-May-2021 09:50:24] ERROR: Another FPM instance seems to already listen on /home/iskra/.config/Local/run/qIrM7Gvw1/php/php-fpm.socket
[08-May-2021 09:50:24] ERROR: FPM initialization failed
[08-May-2021 09:50:25] ERROR: Another FPM instance seems to already listen on /home/iskra/.config/Local/run/qIrM7Gvw1/php/php-fpm.socket
[08-May-2021 09:50:25] ERROR: FPM initialization failed
[08-May-2021 09:50:25] ERROR: Another FPM instance seems to already listen on /home/iskra/.config/Local/run/qIrM7Gvw1/php/php-fpm.socket
[08-May-2021 09:50:25] ERROR: FPM initialization failed
[08-May-2021 09:50:26] ERROR: Another FPM instance seems to already listen on /home/iskra/.config/Local/run/qIrM7Gvw1/php/php-fpm.socket
[08-May-2021 09:50:26] ERROR: FPM initialization failed
[09-May-2021 15:45:29] ERROR: Another FPM instance seems to already listen on /home/iskra/.config/Local/run/qIrM7Gvw1/php/php-fpm.socket
[09-May-2021 15:45:29] ERROR: FPM initialization failed
[09-May-2021 15:45:30] ERROR: Another FPM instance seems to already listen on /home/iskra/.config/Local/run/qIrM7Gvw1/php/php-fpm.socket
[09-May-2021 15:45:30] ERROR: FPM initialization failed
[09-May-2021 15:45:30] ERROR: Another FPM instance seems to already listen on /home/iskra/.config/Local/run/qIrM7Gvw1/php/php-fpm.socket
[09-May-2021 15:45:30] ERROR: FPM initialization failed
[09-May-2021 15:45:31] ERROR: Another FPM instance seems to already listen on /home/iskra/.config/Local/run/qIrM7Gvw1/php/php-fpm.socket
[09-May-2021 15:45:31] ERROR: FPM initialization failed
[23-May-2021 16:33:36] ERROR: Another FPM instance seems to already listen on /home/iskra/.config/Local/run/qIrM7Gvw1/php/php-fpm.socket
[23-May-2021 16:33:36] ERROR: FPM initialization failed
[23-May-2021 16:33:36] ERROR: Another FPM instance seems to already listen on /home/iskra/.config/Local/run/qIrM7Gvw1/php/php-fpm.socket
[23-May-2021 16:33:36] ERROR: FPM initialization failed
[23-May-2021 16:33:37] ERROR: Another FPM instance seems to already listen on /home/iskra/.config/Local/run/qIrM7Gvw1/php/php-fpm.socket
[23-May-2021 16:33:37] ERROR: FPM initialization failed
[23-May-2021 16:33:37] ERROR: Another FPM instance seems to already listen on /home/iskra/.config/Local/run/qIrM7Gvw1/php/php-fpm.socket
[23-May-2021 16:33:37] ERROR: FPM initialization failed
